# JRE version: OpenJDK Runtime Environment (8.0_362-b09) (build 1.8.0_362-8u372-ga~us1-0ubuntu1~18.04-b09)
# Java VM: OpenJDK 64-Bit Server VM (25.362-b09 mixed mode linux-amd64 compressed oops)
Heap:
 PSYoungGen      total 330752K, used 165961K [0x0000000756d80000, 0x0000000772180000, 0x00000007c0000000)
  eden space 291328K, 56% used [0x0000000756d80000,0x0000000760e53888,0x0000000768a00000)
  from space 39424K, 3% used [0x0000000768a00000,0x0000000768b3ec68,0x000000076b080000)
  to   space 37888K, 0% used [0x000000076fc80000,0x000000076fc80000,0x0000000772180000)
 ParOldGen       total 188416K, used 80741K [0x0000000684800000, 0x0000000690000000, 0x0000000756d80000)
  object space 188416K, 42% used [0x0000000684800000,0x00000006896d9790,0x0000000690000000)
 Metaspace       used 60057K, capacity 61445K, committed 61696K, reserved 1105920K
  class space    used 5482K, capacity 5772K, committed 5888K, reserved 1048576K
GC Heap History (10 events):
Event: 50.757 GC heap before
{Heap before GC invocations=8 (full 3):
 PSYoungGen      total 132096K, used 2085K [0x0000000756d80000, 0x0000000767d00000, 0x00000007c0000000)
  eden space 126976K, 0% used [0x0000000756d80000,0x0000000756d80000,0x000000075e980000)
  from space 5120K, 40% used [0x000000075e980000,0x000000075eb89498,0x000000075ee80000)
  to   space 44032K, 0% used [0x0000000765200000,0x0000000765200000,0x0000000767d00000)
 ParOldGen       total 183296K, used 83820K [0x0000000684800000, 0x000000068fb00000, 0x0000000756d80000)
  object space 183296K, 45% used [0x0000000684800000,0x00000006899db338,0x000000068fb00000)
 Metaspace       used 57674K, capacity 58793K, committed 59028K, reserved 1103872K
  class space    used 5322K, capacity 5537K, committed 5632K, reserved 1048576K
Event: 51.503 GC heap after
Heap after GC invocations=8 (full 3):
 PSYoungGen      total 132096K, used 0K [0x0000000756d80000, 0x0000000767d00000, 0x00000007c0000000)
  eden space 126976K, 0% used [0x0000000756d80000,0x0000000756d80000,0x000000075e980000)
  from space 5120K, 0% used [0x000000075e980000,0x000000075e980000,0x000000075ee80000)
  to   space 44032K, 0% used [0x0000000765200000,0x0000000765200000,0x0000000767d00000)
 ParOldGen       total 188416K, used 80725K [0x0000000684800000, 0x0000000690000000, 0x0000000756d80000)
  object space 188416K, 42% used [0x0000000684800000,0x00000006896d5790,0x0000000690000000)
 Metaspace       used 57674K, capacity 58793K, committed 59028K, reserved 1103872K
  class space    used 5322K, capacity 5537K, committed 5632K, reserved 1048576K
}
Event: 64.031 GC heap before
{Heap before GC invocations=9 (full 3):
 PSYoungGen      total 132096K, used 126976K [0x0000000756d80000, 0x0000000767d00000, 0x00000007c0000000)
  eden space 126976K, 100% used [0x0000000756d80000,0x000000075e980000,0x000000075e980000)
  from space 5120K, 0% used [0x000000075e980000,0x000000075e980000,0x000000075ee80000)
  to   space 44032K, 0% used [0x0000000765200000,0x0000000765200000,0x0000000767d00000)
 ParOldGen       total 188416K, used 80725K [0x0000000684800000, 0x0000000690000000, 0x0000000756d80000)
  object space 188416K, 42% used [0x0000000684800000,0x00000006896d5790,0x0000000690000000)
 Metaspace       used 59731K, capacity 61101K, committed 61312K, reserved 1105920K
  class space    used 5472K, capacity 5732K, committed 5760K, reserved 1048576K
Event: 64.035 GC heap after
Heap after GC invocations=9 (full 3):
 PSYoungGen      total 235520K, used 1608K [0x0000000756d80000, 0x0000000768e00000, 0x00000007c0000000)
  eden space 191488K, 0% used [0x0000000756d80000,0x0000000756d80000,0x0000000762880000)
  from space 44032K, 3% used [0x0000000765200000,0x0000000765392240,0x0000000767d00000)
  to   space 42496K, 0% used [0x0000000762880000,0x0000000762880000,0x0000000765200000)
 ParOldGen       total 188416K, used 80733K [0x0000000684800000, 0x0000000690000000, 0x0000000756d80000)
  object space 188416K, 42% used [0x0000000684800000,0x00000006896d7790,0x0000000690000000)
 Metaspace       used 59731K, capacity 61101K, committed 61312K, reserved 1105920K
  class space    used 5472K, capacity 5732K, committed 5760K, reserved 1048576K
}
Event: 66.384 GC heap before
{Heap before GC invocations=10 (full 3):
 PSYoungGen      total 235520K, used 193027K [0x0000000756d80000, 0x0000000768e00000, 0x00000007c0000000)
  eden space 191488K, 99% used [0x0000000756d80000,0x000000076286eb48,0x0000000762880000)
  from space 44032K, 3% used [0x0000000765200000,0x0000000765392240,0x0000000767d00000)
  to   space 42496K, 0% used [0x0000000762880000,0x0000000762880000,0x0000000765200000)
 ParOldGen       total 188416K, used 80733K [0x0000000684800000, 0x0000000690000000, 0x0000000756d80000)
  object space 188416K, 42% used [0x0000000684800000,0x00000006896d7790,0x0000000690000000)
 Metaspace       used 59749K, capacity 61109K, committed 61312K, reserved 1105920K
  class space    used 5472K, capacity 5732K, committed 5760K, reserved 1048576K
Event: 66.388 GC heap after
Heap after GC invocations=10 (full 3):
 PSYoungGen      total 233984K, used 1083K [0x0000000756d80000, 0x000000076e780000, 0x00000007c0000000)
  eden space 191488K, 0% used [0x0000000756d80000,0x0000000756d80000,0x0000000762880000)
  from space 42496K, 2% used [0x0000000762880000,0x000000076298edd0,0x0000000765200000)
  to   space 40960K, 0% used [0x000000076bf80000,0x000000076bf80000,0x000000076e780000)
 ParOldGen       total 188416K, used 80741K [0x0000000684800000, 0x0000000690000000, 0x0000000756d80000)
  object space 188416K, 42% used [0x0000000684800000,0x00000006896d9790,0x0000000690000000)
 Metaspace       used 59749K, capacity 61109K, committed 61312K, reserved 1105920K
  class space    used 5472K, capacity 5732K, committed 5760K, reserved 1048576K
}
Event: 98.459 GC heap before
{Heap before GC invocations=11 (full 3):
 PSYoungGen      total 233984K, used 192500K [0x0000000756d80000, 0x000000076e780000, 0x00000007c0000000)
  eden space 191488K, 99% used [0x0000000756d80000,0x000000076286e5c8,0x0000000762880000)
  from space 42496K, 2% used [0x0000000762880000,0x000000076298edd0,0x0000000765200000)
  to   space 40960K, 0% used [0x000000076bf80000,0x000000076bf80000,0x000000076e780000)
 ParOldGen       total 188416K, used 80741K [0x0000000684800000, 0x0000000690000000, 0x0000000756d80000)
  object space 188416K, 42% used [0x0000000684800000,0x00000006896d9790,0x0000000690000000)
 Metaspace       used 59961K, capacity 61307K, committed 61568K, reserved 1105920K
  class space    used 5476K, capacity 5733K, committed 5760K, reserved 1048576K
Event: 98.463 GC heap after
Heap after GC invocations=11 (full 3):
 PSYoungGen      total 315392K, used 1041K [0x0000000756d80000, 0x000000076d700000, 0x00000007c0000000)
  eden space 291328K, 0% used [0x0000000756d80000,0x0000000756d80000,0x0000000768a00000)
  from space 24064K, 4% used [0x000000076bf80000,0x000000076c0844b0,0x000000076d700000)
  to   space 39424K, 0% used [0x0000000768a00000,0x0000000768a00000,0x000000076b080000)
 ParOldGen       total 188416K, used 80741K [0x0000000684800000, 0x0000000690000000, 0x0000000756d80000)
  object space 188416K, 42% used [0x0000000684800000,0x00000006896d9790,0x0000000690000000)
 Metaspace       used 59961K, capacity 61307K, committed 61568K, reserved 1105920K
  class space    used 5476K, capacity 5733K, committed 5760K, reserved 1048576K
}
Event: 101.921 GC heap before
{Heap before GC invocations=12 (full 3):
 PSYoungGen      total 315392K, used 292369K [0x0000000756d80000, 0x000000076d700000, 0x00000007c0000000)
  eden space 291328K, 100% used [0x0000000756d80000,0x0000000768a00000,0x0000000768a00000)
  from space 24064K, 4% used [0x000000076bf80000,0x000000076c0844b0,0x000000076d700000)
  to   space 39424K, 0% used [0x0000000768a00000,0x0000000768a00000,0x000000076b080000)
 ParOldGen       total 188416K, used 80741K [0x0000000684800000, 0x0000000690000000, 0x0000000756d80000)
  object space 188416K, 42% used [0x0000000684800000,0x00000006896d9790,0x0000000690000000)
 Metaspace       used 59975K, capacity 61307K, committed 61568K, reserved 1105920K
  class space    used 5476K, capacity 5733K, committed 5760K, reserved 1048576K
Event: 101.926 GC heap after
Heap after GC invocations=12 (full 3):
 PSYoungGen      total 330752K, used 1275K [0x0000000756d80000, 0x0000000772180000, 0x00000007c0000000)
  eden space 291328K, 0% used [0x0000000756d80000,0x0000000756d80000,0x0000000768a00000)
  from space 39424K, 3% used [0x0000000768a00000,0x0000000768b3ec68,0x000000076b080000)
  to   space 37888K, 0% used [0x000000076fc80000,0x000000076fc80000,0x0000000772180000)
 ParOldGen       total 188416K, used 80741K [0x0000000684800000, 0x0000000690000000, 0x0000000756d80000)
  object space 188416K, 42% used [0x0000000684800000,0x00000006896d9790,0x0000000690000000)
 Metaspace       used 59975K, capacity 61307K, committed 61568K, reserved 1105920K
  class space    used 5476K, capacity 5733K, committed 5760K, reserved 1048576K
}

